POST
GET
GET
POST
::1 - - [08/Aug/2022:09:48:34 +0000] "GET /login HTTP/1.1" 304 -
::1 - - [08/Aug/2022:09:48:35 +0000] "POST /login HTTP/1.1" 200 26
::1 - - [08/Aug/2022:09:48:44 +0000] "POST /login HTTP/1.1" 200 16
::1 - - [08/Aug/2022:09:48:44 +0000] "GET / HTTP/1.1" 304 -
::1 - - [08/Aug/2022:09:57:55 +0000] "GET /login HTTP/1.1" 200 781
::1 - - [08/Aug/2022:10:09:26 +0000] "GET /login HTTP/1.1" 304 -
::1 - - [08/Aug/2022:10:09:27 +0000] "GET /login HTTP/1.1" 304 -
::1 - - [08/Aug/2022:10:14:41 +0000] "POST /login HTTP/1.1" 200 26
::1 - - [08/Aug/2022:10:14:46 +0000] "POST /login HTTP/1.1" 200 26
::1 - - [08/Aug/2022:10:14:49 +0000] "POST /login HTTP/1.1" 200 26
::1 - - [08/Aug/2022:10:14:57 +0000] "POST /login HTTP/1.1" 200 16
::1 - - [08/Aug/2022:10:14:57 +0000] "GET / HTTP/1.1" 304 -
::1 - - [08/Aug/2022:10:29:54 +0000] "GET /register HTTP/1.1" 304 -
::1 - - [08/Aug/2022:10:30:08 +0000] "POST /register HTTP/1.1" 200 16
::1 - - [08/Aug/2022:10:30:08 +0000] "GET /login HTTP/1.1" 200 781
::1 - - [08/Aug/2022:10:30:21 +0000] "POST /login HTTP/1.1" 200 16
::1 - - [08/Aug/2022:10:30:21 +0000] "GET / HTTP/1.1" 304 -
::1 - - [08/Aug/2022:10:37:07 +0000] "GET /register HTTP/1.1" 200 1051
::1 - - [08/Aug/2022:10:37:15 +0000] "POST /register HTTP/1.1" 200 16
::1 - - [08/Aug/2022:10:37:15 +0000] "GET /login HTTP/1.1" 200 781
::1 - - [08/Aug/2022:10:37:26 +0000] "POST /login HTTP/1.1" 200 16
::1 - - [08/Aug/2022:10:37:26 +0000] "GET / HTTP/1.1" 304 -
::1 - - [08/Aug/2022:10:37:54 +0000] "GET /register HTTP/1.1" 200 1051
::1 - - [08/Aug/2022:10:52:36 +0000] "GET /login HTTP/1.1" 200 781
::1 - - [08/Aug/2022:10:52:41 +0000] "POST /login HTTP/1.1" 200 26
::1 - - [08/Aug/2022:10:55:08 +0000] "GET /register HTTP/1.1" 304 -
::1 - - [08/Aug/2022:10:55:18 +0000] "POST /register HTTP/1.1" 200 16
::1 - - [08/Aug/2022:10:55:18 +0000] "GET /login HTTP/1.1" 200 781
::1 - - [08/Aug/2022:10:55:29 +0000] "GET /register HTTP/1.1" 200 1051
::1 - - [08/Aug/2022:10:55:31 +0000] "GET /login HTTP/1.1" 304 -
::1 - - [08/Aug/2022:10:55:35 +0000] "POST /login HTTP/1.1" 200 16
::1 - - [08/Aug/2022:10:55:35 +0000] "GET / HTTP/1.1" 304 -
::1 - - [08/Aug/2022:10:58:02 +0000] "POST /login HTTP/1.1" 200 16
::1 - - [08/Aug/2022:10:58:02 +0000] "GET / HTTP/1.1" 200 247
::1 - - [08/Aug/2022:11:16:17 +0000] "GET /login HTTP/1.1" 200 781
::1 - - [08/Aug/2022:11:16:22 +0000] "GET / HTTP/1.1" 304 -
::1 - - [08/Aug/2022:11:17:33 +0000] "GET /login HTTP/1.1" 200 788
::1 - - [08/Aug/2022:11:17:35 +0000] "GET /login HTTP/1.1" 304 -
::1 - - [08/Aug/2022:11:17:41 +0000] "GET /login HTTP/1.1" 304 -
::1 - - [08/Aug/2022:11:17:41 +0000] "GET /login HTTP/1.1" 304 -
::1 - - [08/Aug/2022:11:20:35 +0000] "GET /login HTTP/1.1" 200 1183
::1 - - [08/Aug/2022:11:50:17 +0000] "GET /login HTTP/1.1" 200 781
::1 - - [08/Aug/2022:12:08:57 +0000] "GET / HTTP/1.1" 304 -
::1 - - [11/Aug/2022:05:39:57 +0000] "GET / HTTP/1.1" 304 -
::1 - - [11/Aug/2022:05:40:04 +0000] "GET /login HTTP/1.1" 304 -
::1 - - [11/Aug/2022:06:33:08 +0000] "GET / HTTP/1.1" 304 -
::1 - - [11/Aug/2022:06:33:11 +0000] "GET /login HTTP/1.1" 304 -
::1 - - [11/Aug/2022:06:50:33 +0000] "GET /register HTTP/1.1" 200 1051
::1 - - [11/Aug/2022:06:50:35 +0000] "GET /login HTTP/1.1" 200 784
::1 - - [11/Aug/2022:06:50:36 +0000] "POST /login HTTP/1.1" 200 26
::1 - - [11/Aug/2022:06:54:42 +0000] "GET /login HTTP/1.1" 200 1516
::1 - - [11/Aug/2022:06:56:26 +0000] "GET /login HTTP/1.1" 200 1500
::1 - - [11/Aug/2022:06:56:32 +0000] "GET /login HTTP/1.1" 304 -
::1 - - [11/Aug/2022:07:00:20 +0000] "GET / HTTP/1.1" 304 -
::1 - - [11/Aug/2022:07:00:24 +0000] "GET /login HTTP/1.1" 200 1490
::1 - - [11/Aug/2022:07:00:33 +0000] "GET / HTTP/1.1" 304 -
::1 - - [11/Aug/2022:07:00:38 +0000] "GET /login HTTP/1.1" 304 -
::1 - - [11/Aug/2022:07:28:07 +0000] "GET /login HTTP/1.1" 304 -
::1 - - [11/Aug/2022:07:28:54 +0000] "GET /login HTTP/1.1" 200 1602
::1 - - [11/Aug/2022:07:28:56 +0000] "GET /login HTTP/1.1" 304 -
::1 - - [11/Aug/2022:07:29:08 +0000] "GET /login HTTP/1.1" 200 1609
::1 - - [11/Aug/2022:07:29:57 +0000] "GET /login HTTP/1.1" 200 1650
::1 - - [11/Aug/2022:07:29:58 +0000] "GET /login HTTP/1.1" 304 -
::1 - - [11/Aug/2022:07:29:58 +0000] "GET /login HTTP/1.1" 304 -
::1 - - [11/Aug/2022:07:29:58 +0000] "GET /login HTTP/1.1" 304 -
::1 - - [11/Aug/2022:07:31:17 +0000] "GET /register HTTP/1.1" 304 -
::1 - - [11/Aug/2022:07:31:20 +0000] "GET /login HTTP/1.1" 200 1609
::1 - - [11/Aug/2022:07:31:49 +0000] "GET /login HTTP/1.1" 200 1592
::1 - - [11/Aug/2022:07:31:56 +0000] "POST /login HTTP/1.1" 200 26
::1 - - [11/Aug/2022:07:32:00 +0000] "POST /login HTTP/1.1" 200 26
::1 - - [11/Aug/2022:07:32:02 +0000] "GET /register HTTP/1.1" 304 -
::1 - - [11/Aug/2022:07:32:04 +0000] "GET /login HTTP/1.1" 200 1592
::1 - - [11/Aug/2022:07:33:13 +0000] "POST /login HTTP/1.1" 200 16
::1 - - [11/Aug/2022:07:33:13 +0000] "GET / HTTP/1.1" 304 -
::1 - - [11/Aug/2022:07:33:23 +0000] "POST /login HTTP/1.1" 200 16
::1 - - [11/Aug/2022:07:33:23 +0000] "GET / HTTP/1.1" 304 -
::1 - - [11/Aug/2022:07:33:36 +0000] "GET /login HTTP/1.1" 200 1473
::1 - - [11/Aug/2022:07:34:08 +0000] "GET /login HTTP/1.1" 200 1498
::1 - - [11/Aug/2022:07:34:09 +0000] "GET /login HTTP/1.1" 304 -
::1 - - [11/Aug/2022:07:34:21 +0000] "GET /login HTTP/1.1" 200 1473
::1 - - [11/Aug/2022:07:34:30 +0000] "GET /login HTTP/1.1" 200 1445
::1 - - [11/Aug/2022:07:34:32 +0000] "GET /login HTTP/1.1" 200 1473
::1 - - [11/Aug/2022:07:34:41 +0000] "GET /login HTTP/1.1" 200 1486
::1 - - [11/Aug/2022:07:34:42 +0000] "GET /login HTTP/1.1" 304 -
::1 - - [11/Aug/2022:07:34:56 +0000] "GET /login HTTP/1.1" 200 1487
::1 - - [11/Aug/2022:07:35:08 +0000] "GET /login HTTP/1.1" 200 1478
::1 - - [11/Aug/2022:07:35:14 +0000] "GET /login HTTP/1.1" 200 1474
